Command line:
   abs_subtractor_isim_beh.exe
     -simmode  gui
     -simrunnum  0
     -socket  42732

Wed Apr 29 15:17:39 2015


 Elaboration Time: 0.02 sec

 Current Memory Usage: 195.887 Meg

 Total Signals          : 16
 Total Nets             : 28
 Total Signal Drivers   : 6
 Total Blocks           : 2
 Total Primitive Blocks : 2
 Total Processes        : 7
 Total Traceable Variables  : 19
 Total Scalar Nets and Variables : 140
Total Line Count : 15

 Total Simulation Time: 0.02 sec

 Current Memory Usage: 271.389 Meg

Wed Apr 29 15:17:46 2015

