Running: /opt/Xilinx/14.7/ISE_DS/ISE/bin/lin64/unwrapped/fuse -intstyle ise -incremental -lib unisims_ver -lib unimacro_ver -lib xilinxcorelib_ver -lib secureip -o /home/jonas/ECE428/project/abs_subtractor_isim_beh.exe -prj /home/jonas/ECE428/project/abs_subtractor_beh.prj work.abs_subtractor work.glbl 
ISim P.20131013 (signature 0xfbc00daa)
Number of CPUs detected in this system: 4
Turning on mult-threading, number of parallel sub-compilation jobs: 8 
Determining compilation order of HDL files
Analyzing Verilog file "/home/jonas/ECE428/project/abs_subtractor.v" into library work
Analyzing Verilog file "/opt/Xilinx/14.7/ISE_DS/ISE//verilog/src/glbl.v" into library work
Starting static elaboration
Completed static elaboration
Fuse Memory Usage: 94680 KB
Fuse CPU Usage: 1250 ms
Compiling module abs_subtractor
Compiling module glbl
Time Resolution for simulation is 1ps.
Waiting for 1 sub-compilation(s) to finish...
Compiled 2 Verilog Units
Built simulation executable /home/jonas/ECE428/project/abs_subtractor_isim_beh.exe
Fuse Memory Usage: 654844 KB
Fuse CPU Usage: 1250 ms
GCC CPU Usage: 230 ms
