ISim log file
Running: E:\Counter_Tutorial\counter_isim_beh.exe -intstyle ise -gui -tclbatch isim.cmd -wdb E:/Counter_Tutorial/counter_isim_beh.wdb 
ISim O.40d (signature 0x79f3f3a8)
----------------------------------------------------------------------
INFO:Security:51 - The XILINXD_LICENSE_FILE environment variable is not set.
INFO:Security:52 - The LM_LICENSE_FILE environment variable is set to '27001@131.230.191.204;C:\Program Files\MATLAB\R2010b\flexlm\bin\Xilinx.lic'.
WARNING:Security:43 - No license file was found in the standard Xilinx license directory.
WARNING:Security:44 - No license file was found.
       Please run the Xilinx License Configuration Manager
       (xlcm or "Manage Xilinx Licenses")
       to assist in obtaining a license.
WARNING:Security:42 - Your software subscription period has lapsed. Your current version of Xilinx tools will continue to function, but you no longer qualify for Xilinx software updates or new releases.


----------------------------------------------------------------------
This is a Full version of ISim.
Time resolution is 1 ps
# onerror resume
# wave add /
# run 1000 ns
Simulator is doing circuit initialization process.
Finished circuit initialization process.
# restart
# isim force add /counter/countup 1 -radix bin -value 0 -radix bin -time 50 ns -repeat 100 ns
# isim force add /counter/reset 0 -radix bin
# isim force add /counter/reset 0 -radix bin
# run 1.00us
Simulator is doing circuit initialization process.
Finished circuit initialization process.
