Release 13.1 - ngc2edif O.40d (nt)
Copyright (c) 1995-2011 Xilinx, Inc.  All rights reserved.
Reading design counter.ngc ...
WARNING:NetListWriters:298 - No output is written to counter.xncf, ignored.
Processing design ...
   Preping design's networks ...
   Preping design's macros ...
  finished :Prep
Writing EDIF netlist file counter.edif ...
ngc2edif: Total memory usage is 49560 kilobytes

Release 13.1 - ngc2edif O.40d (nt)
Copyright (c) 1995-2011 Xilinx, Inc.  All rights reserved.
Reading design counter.ngc ...
WARNING:NetListWriters:298 - No output is written to counter.xncf, ignored.
Processing design ...
   Preping design's networks ...
   Preping design's macros ...
  finished :Prep
Writing EDIF netlist file counter.edif ...
ngc2edif: Total memory usage is 50008 kilobytes

