
****** PlanAhead v13.1
  **** Build 117799 by hdbuild on Thu Feb 17 11:38:00 PST 2011
    ** Copyright 1986-1999, 2001-2011 Xilinx, Inc. All Rights Reserved.

INFO: [HD-Licensing 0] Attempting to get a license: PlanAhead
INFO: [HD-Licensing 1] Got a license: PlanAhead
INFO: [HD-Licensing 3] Your PlanAhead license expires in -1038 day(s)
INFO: [HD-ArchReader 0] Loading parts and site information from C:\Xilinx\13.1\ISE_DS\PlanAhead\parts\arch.xml
INFO: [HD-RTPRIM 0] Parsing RTL primitives file 'C:\Xilinx\13.1\ISE_DS\PlanAhead\parts\xilinx\rtl\prims\rtl_prims.xml'
INFO: [HD-RTPRIM 1] Finished Parsing RTL primitives file 'C:\Xilinx\13.1\ISE_DS\PlanAhead\parts\xilinx\rtl\prims\rtl_prims.xml'
start_gui -source E:/Counter_Tutorial/pa.fromNetlist.tcl
starting gui ...
# create_project -name Counter_Tutorial -dir "E:/Counter_Tutorial/planAhead_run_1" -part xc6slx45csg324-3
Parsing template File [C:\Xilinx\13.1\ISE_DS\ISE\data\projnav\templates\verilog.xml].
Finished parsing template File [C:\Xilinx\13.1\ISE_DS\ISE\data\projnav\templates\verilog.xml].
Parsing template File [C:\Xilinx\13.1\ISE_DS\ISE\data\projnav\templates\vhdl.xml].
Finished parsing template File [C:\Xilinx\13.1\ISE_DS\ISE\data\projnav\templates\vhdl.xml].
Parsing template File [C:\Xilinx\13.1\ISE_DS\ISE\data\projnav\templates\ucf.xml].
Finished parsing template File [C:\Xilinx\13.1\ISE_DS\ISE\data\projnav\templates\ucf.xml].
# set_property design_mode GateLvl [get_property srcset [current_run -impl]]
# set_property edif_top_file "E:/Counter_Tutorial/counter.ngc" [ get_property srcset [ current_run ] ]
# add_files -norecurse { {E:/Counter_Tutorial} }
# set_param project.pinAheadLayout  yes
# set_param project.paUcfFile  "counter.ucf"
# add_files "counter.ucf" -fileset [get_property constrset [current_run]]
# open_netlist_design
INFO: Design is defaulting to constrset part: xc6slx45csg324-3
Release 13.1 - ngc2edif O.40d (nt)
Copyright (c) 1995-2011 Xilinx, Inc.  All rights reserved.

Release 13.1 - ngc2edif O.40d (nt)
Copyright (c) 1995-2011 Xilinx, Inc.  All rights reserved.
Reading design counter.ngc ...
WARNING:NetListWriters:298 - No output is written to counter.xncf, ignored.
Processing design ...
   Preping design's networks ...
   Preping design's macros ...
  finished :Prep
Writing EDIF netlist file counter.edif ...
ngc2edif: Total memory usage is 50008 kilobytes

Parsing EDIF File [.\.Xil-PlanAhead-2416-ENGEE-E230-D10\ngc2edif\counter.edif]
Finished Parsing EDIF File [.\.Xil-PlanAhead-2416-ENGEE-E230-D10\ngc2edif\counter.edif]
INFO: [HD-Unisim Transformer 0] Analyzing Unisim elements for replacement
INFO: [HD-Unisim Transformer 1] No Unisim elements were transformed.
INFO: [HD-ArchReader 7] Loading clock regions from C:/Xilinx/13.1/ISE_DS/PlanAhead/parts/xilinx/spartan6/spartan6lx/xc6slx45/ClockRegion.xml
INFO: [HD-ArchReader 8] Loading clock buffers from C:/Xilinx/13.1/ISE_DS/PlanAhead/parts/xilinx/spartan6/spartan6lx/xc6slx45/ClockBuffers.xml
INFO: [HD-ArchReader 13] Loading package pin functions from C:/Xilinx/13.1/ISE_DS/PlanAhead/parts/xilinx/spartan6/PinFunctions.xml...
INFO: [HD-ArchReader 3] Loading package from C:/Xilinx/13.1/ISE_DS/PlanAhead/parts/xilinx/spartan6/spartan6lx/xc6slx45/csg324/Package.xml
INFO: [HD-ArchReader 4] Loading io standards from C:/Xilinx/13.1/ISE_DS/PlanAhead/./parts/xilinx/spartan6/IOStandards.xml
INFO: [HD-ArchReader 12] Loading device configuration modes from C:/Xilinx/13.1/ISE_DS/PlanAhead/parts/xilinx/spartan6/ConfigModes.xml
INFO: [HD-GDRC 0] Loading list of drcs for the architecture : C:/Xilinx/13.1/ISE_DS/PlanAhead/./parts/xilinx/spartan6/drc.xml
INFO: [HD-LIB 0] Reading timing library C:/Xilinx/13.1/ISE_DS/PlanAhead/./parts/xilinx/spartan6/spartan6.lib .
INFO: [HD-LIB 1] Done reading timing library C:/Xilinx/13.1/ISE_DS/PlanAhead/./parts/xilinx/spartan6/spartan6.lib .
Parsing UCF File [E:\Counter_Tutorial\counter.ucf]
Finished Parsing UCF File [E:\Counter_Tutorial\counter.ucf]
Time (s): 12.997w
Time (s): 17.696w
exit
INFO: [HD-Application 0] Exiting PlanAhead...
INFO: [HD-Licensing 2] Releasing license: PlanAhead
